<?xml version="1.0" encoding="UTF-8"?>
<!-- Generated by org.testng.reporters.JUnitXMLReporter -->
<testsuite ignored="0" hostname="DESKTOP-3LS0RRU" failures="1" tests="2" name="Surefire test" time="26.301" errors="0" timestamp="2023-06-29T10:13:34 IST">
  <testcase classname="io.cucumber.testng.AbstractTestNGCucumberTests" name="runScenario" time="22.361">
    <failure type="java.lang.AssertionError" message="Both the names are not same!! expected [No data] but found [Beetroot]">
      <![CDATA[java.lang.AssertionError: Both the names are not same!! expected [No data] but found [Beetroot]
at stepDefinitions.OfferPageStepDefinition.validate_product_name_in_offer_page_matches_with_landing_page(OfferPageStepDefinition.java:55)
at ✽.Validate product name in offer page matches with landing page(file:///C:/Users/Sumit/IdeaProjects/CucumberFramework/src/test/java/features/searchProduct.feature:16)
... Removed 5 stack frames]]>
    </failure>
  </testcase> <!-- runScenario -->
  <testcase classname="io.cucumber.testng.AbstractTestNGCucumberTests" name="runScenario" time="22.941"/>
</testsuite> <!-- Surefire test -->
