<?xml version="1.0" encoding="UTF-8"?>
<!-- Generated by org.testng.reporters.JUnitReportReporter -->
<testsuite hostname="DESKTOP-3LS0RRU" failures="1" tests="2" name="cucumberOptions.TestNGTestRunner" time="45.302" errors="0" timestamp="2023-06-29T10:13:35 IST" skipped="0">
  <testcase classname="cucumberOptions.TestNGTestRunner" name="runScenario" time="22.361">
    <failure message="Both the names are not same!! expected [No data] but found [Beetroot]" type="java.lang.AssertionError">
      <![CDATA[java.lang.AssertionError: Both the names are not same!! expected [No data] but found [Beetroot]
at org.testng.Assert.fail(Assert.java:110)
at org.testng.Assert.failNotEquals(Assert.java:1577)
at org.testng.Assert.assertEqualsImpl(Assert.java:149)
at org.testng.Assert.assertEquals(Assert.java:131)
at org.testng.Assert.assertEquals(Assert.java:655)
at stepDefinitions.OfferPageStepDefinition.validate_product_name_in_offer_page_matches_with_landing_page(OfferPageStepDefinition.java:55)
at ✽.Validate product name in offer page matches with landing page(file:///C:/Users/Sumit/IdeaProjects/CucumberFramework/src/test/java/features/searchProduct.feature:16)
]]>
    </failure>
  </testcase> <!-- runScenario -->
  <system-out/>
  <testcase classname="cucumberOptions.TestNGTestRunner" name="runScenario" time="22.941"/>
  <system-out/>
</testsuite> <!-- cucumberOptions.TestNGTestRunner -->
